2023-10-25 12:55:23,882 INFO o.a.j.u.JMeterUtils: Setting Locale to en_EN
2023-10-25 12:55:23,898 INFO o.a.j.JMeter: Loading user properties from: user.properties
2023-10-25 12:55:23,898 INFO o.a.j.JMeter: Loading system properties from: system.properties
2023-10-25 12:55:23,913 INFO o.a.j.JMeter: Copyright (c) 1998-2023 The Apache Software Foundation
2023-10-25 12:55:23,913 INFO o.a.j.JMeter: Version 5.6.2
2023-10-25 12:55:23,913 INFO o.a.j.JMeter: java.version=17.0.9
2023-10-25 12:55:23,913 INFO o.a.j.JMeter: java.vm.name=Java HotSpot(TM) 64-Bit Server VM
2023-10-25 12:55:23,913 INFO o.a.j.JMeter: os.name=Windows 11
2023-10-25 12:55:23,913 INFO o.a.j.JMeter: os.arch=amd64
2023-10-25 12:55:23,913 INFO o.a.j.JMeter: os.version=10.0
2023-10-25 12:55:23,913 INFO o.a.j.JMeter: file.encoding=Cp1252
2023-10-25 12:55:23,913 INFO o.a.j.JMeter: java.awt.headless=null
2023-10-25 12:55:23,913 INFO o.a.j.JMeter: Max memory     =1073741824
2023-10-25 12:55:23,913 INFO o.a.j.JMeter: Available Processors =8
2023-10-25 12:55:23,913 INFO o.a.j.JMeter: Default Locale=English (EN)
2023-10-25 12:55:23,913 INFO o.a.j.JMeter: JMeter  Locale=English (EN)
2023-10-25 12:55:23,913 INFO o.a.j.JMeter: JMeterHome=C:\Users\Dizk\Downloads\apache-jmeter-5.6.2
2023-10-25 12:55:23,913 INFO o.a.j.JMeter: user.dir  =C:\Users\Dizk\Downloads\apache-jmeter-5.6.2\bin
2023-10-25 12:55:23,913 INFO o.a.j.JMeter: PWD       =C:\Users\Dizk\Downloads\apache-jmeter-5.6.2\bin
2023-10-25 12:55:23,929 INFO o.a.j.JMeter: IP: 172.21.80.1 Name: DESKTOP-JOE75N6 FullName: DESKTOP-JOE75N6.mshome.net
2023-10-25 12:55:23,944 INFO o.a.j.JMeter: Loaded icon properties from org/apache/jmeter/images/icon.properties
2023-10-25 12:55:24,121 INFO o.a.j.JMeterGuiLauncher: Setting LAF to: com.github.weisj.darklaf.DarkLaf:com.github.weisj.darklaf.theme.DarculaTheme
2023-10-25 12:55:25,025 INFO o.a.j.r.ClassFinder: Will scan jar C:\Users\Dizk\Downloads\apache-jmeter-5.6.2\lib\ext\jmeter-plugins-manager-1.9.jar with filter ExtendsClassFilter [parents=[interface org.apache.jmeter.gui.action.Command], inner=false, contains=null, notContains=null]. Consider exposing JMeter plugins via META-INF/services, and add JMeter-Skip-Class-Scanning=true manifest attribute so JMeter can skip classfile scanning
2023-10-25 12:55:25,184 INFO o.a.j.r.ClassFinder: Will scan jar C:\Users\Dizk\Downloads\apache-jmeter-5.6.2\lib\ext\jmeter-plugins-manager-1.9.jar with filter ExtendsClassFilter [parents=[interface org.apache.jmeter.gui.plugin.MenuCreator], inner=false, contains=null, notContains=null]. Consider exposing JMeter plugins via META-INF/services, and add JMeter-Skip-Class-Scanning=true manifest attribute so JMeter can skip classfile scanning
2023-10-25 12:55:25,480 INFO o.j.r.JARSourceHTTP: Found cached repo
2023-10-25 12:55:25,637 INFO o.j.r.PluginManager: Plugins Status: [jpgc-plugins-manager=1.9, jmeter-core=5.6.2, jmeter-ftp=5.6.2, jmeter-http=5.6.2, jmeter-jdbc=5.6.2, jmeter-jms=5.6.2, jmeter-junit=5.6.2, jmeter-java=5.6.2, jmeter-ldap=5.6.2, jmeter-mail=5.6.2, jmeter-mongodb=5.6.2, jmeter-native=5.6.2, jmeter-tcp=5.6.2, jmeter-components=5.6.2]
2023-10-25 12:55:25,637 INFO o.j.r.PluginManagerMenuItem: Plugins Manager has upgrades: [jpgc-plugins-manager]
2023-10-25 12:55:32,221 INFO o.a.j.g.a.t.TemplateManager: Reading templates from: C:\Users\Dizk\Downloads\apache-jmeter-5.6.2\bin\templates\templates.xml
2023-10-25 12:55:35,332 INFO o.a.j.g.a.Load: Merging file: C:\Users\Dizk\Downloads\apache-jmeter-5.6.2\bin\templates\BeanShellSampler.jmx
2023-10-25 12:55:35,504 INFO o.a.j.s.SaveService: Testplan (JMX) version: 2.2. Testlog (JTL) version: 2.2
2023-10-25 12:55:35,520 INFO o.a.j.s.SaveService: Using SaveService properties version 5.0
2023-10-25 12:55:35,520 INFO o.a.j.s.SaveService: Using SaveService properties file encoding UTF-8
2023-10-25 12:55:35,520 INFO o.a.j.s.SaveService: Loading file: C:\Users\Dizk\Downloads\apache-jmeter-5.6.2\bin\templates\BeanShellSampler.jmx
2023-10-25 12:55:35,661 WARN o.a.j.g.a.Load: Unexpected error. org.apache.jmeter.exceptions.IllegalUserActionException: Can't merge BeanShell Sampler (BeanShellSampler) here
org.apache.jmeter.exceptions.IllegalUserActionException: Can't merge BeanShell Sampler (BeanShellSampler) here
	at org.apache.jmeter.gui.action.Load.insertLoadedTree(Load.java:197) ~[ApacheJMeter_core.jar:5.6.2]
	at org.apache.jmeter.gui.action.Load.loadProjectFile(Load.java:132) ~[ApacheJMeter_core.jar:5.6.2]
	at org.apache.jmeter.gui.action.SelectTemplatesDialog.replaceTemplateParametersAndLoad(SelectTemplatesDialog.java:195) ~[ApacheJMeter_core.jar:5.6.2]
	at org.apache.jmeter.gui.action.SelectTemplatesDialog.checkDirtyAndLoad(SelectTemplatesDialog.java:168) ~[ApacheJMeter_core.jar:5.6.2]
	at org.apache.jmeter.gui.action.SelectTemplatesDialog.actionPerformed(SelectTemplatesDialog.java:306) ~[ApacheJMeter_core.jar:5.6.2]
	at javax.swing.AbstractButton.fireActionPerformed(AbstractButton.java:1972) ~[?:?]
	at javax.swing.AbstractButton$Handler.actionPerformed(AbstractButton.java:2313) ~[?:?]
	at javax.swing.DefaultButtonModel.fireActionPerformed(DefaultButtonModel.java:405) ~[?:?]
	at javax.swing.DefaultButtonModel.setPressed(DefaultButtonModel.java:262) ~[?:?]
	at javax.swing.plaf.basic.BasicButtonListener.mouseReleased(BasicButtonListener.java:279) ~[?:?]
	at com.github.weisj.darklaf.ui.button.DarkButtonListener.mouseReleased(DarkButtonListener.java:72) ~[darklaf-core-2.7.3.jar:2.7.3]
	at java.awt.Component.processMouseEvent(Component.java:6626) ~[?:?]
	at javax.swing.JComponent.processMouseEvent(JComponent.java:3389) ~[?:?]
	at java.awt.Component.processEvent(Component.java:6391) ~[?:?]
	at java.awt.Container.processEvent(Container.java:2266) ~[?:?]
	at java.awt.Component.dispatchEventImpl(Component.java:5001) ~[?:?]
	at java.awt.Container.dispatchEventImpl(Container.java:2324) ~[?:?]
	at java.awt.Component.dispatchEvent(Component.java:4833) ~[?:?]
	at java.awt.LightweightDispatcher.retargetMouseEvent(Container.java:4948) ~[?:?]
	at java.awt.LightweightDispatcher.processMouseEvent(Container.java:4575) ~[?:?]
	at java.awt.LightweightDispatcher.dispatchEvent(Container.java:4516) ~[?:?]
	at java.awt.Container.dispatchEventImpl(Container.java:2310) ~[?:?]
	at java.awt.Window.dispatchEventImpl(Window.java:2780) ~[?:?]
	at java.awt.Component.dispatchEvent(Component.java:4833) ~[?:?]
	at java.awt.EventQueue.dispatchEventImpl(EventQueue.java:773) [?:?]
	at java.awt.EventQueue$4.run(EventQueue.java:722) [?:?]
	at java.awt.EventQueue$4.run(EventQueue.java:716) [?:?]
	at java.security.AccessController.doPrivileged(AccessController.java:399) ~[?:?]
	at java.security.ProtectionDomain$JavaSecurityAccessImpl.doIntersectionPrivilege(ProtectionDomain.java:86) ~[?:?]
	at java.security.ProtectionDomain$JavaSecurityAccessImpl.doIntersectionPrivilege(ProtectionDomain.java:97) ~[?:?]
	at java.awt.EventQueue$5.run(EventQueue.java:746) ~[?:?]
	at java.awt.EventQueue$5.run(EventQueue.java:744) ~[?:?]
	at java.security.AccessController.doPrivileged(AccessController.java:399) ~[?:?]
	at java.security.ProtectionDomain$JavaSecurityAccessImpl.doIntersectionPrivilege(ProtectionDomain.java:86) ~[?:?]
	at java.awt.EventQueue.dispatchEvent(EventQueue.java:743) ~[?:?]
	at java.awt.EventDispatchThread.pumpOneEventForFilters(EventDispatchThread.java:203) ~[?:?]
	at java.awt.EventDispatchThread.pumpEventsForFilter(EventDispatchThread.java:124) ~[?:?]
	at java.awt.EventDispatchThread.pumpEventsForFilter(EventDispatchThread.java:117) ~[?:?]
	at java.awt.WaitDispatchSupport$2.run(WaitDispatchSupport.java:191) ~[?:?]
	at java.awt.WaitDispatchSupport$4.run(WaitDispatchSupport.java:236) ~[?:?]
	at java.awt.WaitDispatchSupport$4.run(WaitDispatchSupport.java:234) ~[?:?]
	at java.security.AccessController.doPrivileged(AccessController.java:318) [?:?]
	at java.awt.WaitDispatchSupport.enter(WaitDispatchSupport.java:234) ~[?:?]
	at java.awt.Dialog.show(Dialog.java:1080) ~[?:?]
	at java.awt.Component.show(Component.java:1728) ~[?:?]
	at java.awt.Component.setVisible(Component.java:1675) ~[?:?]
	at java.awt.Window.setVisible(Window.java:1036) ~[?:?]
	at java.awt.Dialog.setVisible(Dialog.java:1016) ~[?:?]
	at org.apache.jmeter.gui.action.TemplatesCommand.doActionAfterCheck(TemplatesCommand.java:50) ~[ApacheJMeter_core.jar:5.6.2]
	at org.apache.jmeter.gui.action.AbstractActionWithNoRunningTest.doAction(AbstractActionWithNoRunningTest.java:44) ~[ApacheJMeter_core.jar:5.6.2]
	at org.apache.jmeter.gui.action.ActionRouter.performAction(ActionRouter.java:83) ~[ApacheJMeter_core.jar:5.6.2]
	at org.apache.jmeter.gui.action.ActionRouter.lambda$actionPerformed$0(ActionRouter.java:65) ~[ApacheJMeter_core.jar:5.6.2]
	at java.awt.event.InvocationEvent.dispatch(InvocationEvent.java:318) ~[?:?]
	at java.awt.EventQueue.dispatchEventImpl(EventQueue.java:771) ~[?:?]
	at java.awt.EventQueue$4.run(EventQueue.java:722) ~[?:?]
	at java.awt.EventQueue$4.run(EventQueue.java:716) ~[?:?]
	at java.security.AccessController.doPrivileged(AccessController.java:399) [?:?]
	at java.security.ProtectionDomain$JavaSecurityAccessImpl.doIntersectionPrivilege(ProtectionDomain.java:86) [?:?]
	at java.awt.EventQueue.dispatchEvent(EventQueue.java:741) [?:?]
	at java.awt.EventDispatchThread.pumpOneEventForFilters(EventDispatchThread.java:203) [?:?]
	at java.awt.EventDispatchThread.pumpEventsForFilter(EventDispatchThread.java:124) [?:?]
	at java.awt.EventDispatchThread.pumpEventsForHierarchy(EventDispatchThread.java:113) [?:?]
	at java.awt.EventDispatchThread.pumpEvents(EventDispatchThread.java:109) [?:?]
	at java.awt.EventDispatchThread.pumpEvents(EventDispatchThread.java:101) [?:?]
	at java.awt.EventDispatchThread.run(EventDispatchThread.java:90) [?:?]
2023-10-25 12:55:35,676 ERROR o.a.j.u.JMeterUtils: Can't merge BeanShell Sampler (BeanShellSampler) here
2023-10-25 12:57:09,927 INFO o.a.j.g.a.Load: Loading file: C:\Users\Dizk\AppData\Local\Temp\Recording2162405853861595928.output
2023-10-25 12:57:09,927 INFO o.a.j.s.SaveService: Loading file: C:\Users\Dizk\AppData\Local\Temp\Recording2162405853861595928.output
2023-10-25 12:57:09,935 INFO o.a.j.p.h.c.CookieManager: Settings: Delete null: true Check: true Allow variable: true Save: false Prefix: COOKIE_
2023-10-25 12:57:10,128 INFO o.a.j.e.KeyToolUtils: keytool found at 'keytool'
2023-10-25 12:57:10,128 INFO o.a.j.p.h.p.ProxyControl: HTTP(S) Test Script Recorder SSL Proxy will use keys that support embedded 3rd party resources in file C:\Users\Dizk\Downloads\apache-jmeter-5.6.2\bin\proxyserver.jks
2023-10-25 12:57:10,155 INFO o.a.j.p.h.s.HTTPSamplerBase: Parser for text/html is org.apache.jmeter.protocol.http.parser.LagartoBasedHtmlParser
2023-10-25 12:57:10,155 INFO o.a.j.p.h.s.HTTPSamplerBase: Parser for application/xhtml+xml is org.apache.jmeter.protocol.http.parser.LagartoBasedHtmlParser
2023-10-25 12:57:10,155 INFO o.a.j.p.h.s.HTTPSamplerBase: Parser for application/xml is org.apache.jmeter.protocol.http.parser.LagartoBasedHtmlParser
2023-10-25 12:57:10,155 INFO o.a.j.p.h.s.HTTPSamplerBase: Parser for text/xml is org.apache.jmeter.protocol.http.parser.LagartoBasedHtmlParser
2023-10-25 12:57:10,155 INFO o.a.j.p.h.s.HTTPSamplerBase: Parser for text/vnd.wap.wml is org.apache.jmeter.protocol.http.parser.RegexpHTMLParser
2023-10-25 12:57:10,155 INFO o.a.j.p.h.s.HTTPSamplerBase: Parser for text/css is org.apache.jmeter.protocol.http.parser.CssParser
2023-10-25 12:57:10,296 INFO o.a.j.s.SampleResult: Note: Sample TimeStamps are START times
2023-10-25 12:57:10,296 INFO o.a.j.s.SampleResult: sampleresult.default.encoding is set to UTF-8
2023-10-25 12:57:10,296 INFO o.a.j.s.SampleResult: sampleresult.useNanoTime=true
2023-10-25 12:57:10,296 INFO o.a.j.s.SampleResult: sampleresult.nanoThreadSleep=5000
2023-10-25 12:57:10,439 INFO o.a.j.r.ClassFinder: Will scan jar C:\Users\Dizk\Downloads\apache-jmeter-5.6.2\lib\ext\jmeter-plugins-manager-1.9.jar with filter ExtendsClassFilter [parents=[interface org.apache.jmeter.visualizers.ResultRenderer], inner=false, contains=null, notContains=null]. Consider exposing JMeter plugins via META-INF/services, and add JMeter-Skip-Class-Scanning=true manifest attribute so JMeter can skip classfile scanning
2023-10-25 12:57:10,471 INFO o.a.j.r.ClassFinder: Will scan jar C:\Users\Dizk\Downloads\apache-jmeter-5.6.2\lib\ext\jmeter-plugins-manager-1.9.jar with filter ExtendsClassFilter [parents=[interface org.apache.jmeter.visualizers.RequestView], inner=false, contains=null, notContains=null]. Consider exposing JMeter plugins via META-INF/services, and add JMeter-Skip-Class-Scanning=true manifest attribute so JMeter can skip classfile scanning
2023-10-25 12:57:10,580 INFO o.a.j.r.ClassFinder: Will scan jar C:\Users\Dizk\Downloads\apache-jmeter-5.6.2\lib\ext\jmeter-plugins-manager-1.9.jar with filter ExtendsClassFilter [parents=[interface org.apache.jmeter.visualizers.ResultRenderer], inner=false, contains=null, notContains=null]. Consider exposing JMeter plugins via META-INF/services, and add JMeter-Skip-Class-Scanning=true manifest attribute so JMeter can skip classfile scanning
2023-10-25 12:57:10,596 INFO o.a.j.r.ClassFinder: Will scan jar C:\Users\Dizk\Downloads\apache-jmeter-5.6.2\lib\ext\jmeter-plugins-manager-1.9.jar with filter ExtendsClassFilter [parents=[interface org.apache.jmeter.visualizers.RequestView], inner=false, contains=null, notContains=null]. Consider exposing JMeter plugins via META-INF/services, and add JMeter-Skip-Class-Scanning=true manifest attribute so JMeter can skip classfile scanning
2023-10-25 13:00:24,175 INFO o.a.j.e.u.CompoundVariable: Note: Function class names must contain the string: '.functions.'
2023-10-25 13:00:24,175 INFO o.a.j.e.u.CompoundVariable: Note: Function class names must not contain the string: '.gui.'
2023-10-25 13:00:24,219 INFO o.a.j.r.ClassFinder: Will scan jar C:\Users\Dizk\Downloads\apache-jmeter-5.6.2\lib\ext\jmeter-plugins-manager-1.9.jar with filter ExtendsClassFilter [parents=[interface org.apache.jmeter.functions.Function], inner=false, contains=null, notContains=null]. Consider exposing JMeter plugins via META-INF/services, and add JMeter-Skip-Class-Scanning=true manifest attribute so JMeter can skip classfile scanning
2023-10-25 13:00:24,219 INFO o.a.j.p.h.p.ProxyControl: Creating HTTP(S) Test Script Recorder Root CA in C:\Users\Dizk\Downloads\apache-jmeter-5.6.2\bin\proxyserver.jks, ensure you install certificate in your Browser for recording
2023-10-25 13:00:27,506 INFO o.a.j.p.h.p.ProxyControl: Created keystore in C:\Users\Dizk\Downloads\apache-jmeter-5.6.2\bin\proxyserver.jks
2023-10-25 13:00:27,558 INFO o.a.j.s.FileServer: Default base='C:\Users\Dizk\Downloads\apache-jmeter-5.6.2\bin'
2023-10-25 13:00:27,558 INFO o.a.j.p.h.p.Daemon: Creating Daemon Socket on port: 8888
2023-10-25 13:00:27,558 INFO o.a.j.p.h.p.Daemon: Test Script Recorder up and running!
2023-10-25 13:00:50,701 INFO o.a.j.p.h.p.Daemon: HTTP(S) Test Script Recorder stopped
2023-10-25 13:05:39,223 INFO o.a.j.e.StandardJMeterEngine: Running the test!
2023-10-25 13:05:39,223 INFO o.a.j.s.SampleEvent: List of sample_variables: []
2023-10-25 13:05:39,223 INFO o.a.j.s.SampleEvent: List of sample_variables: []
2023-10-25 13:05:39,223 INFO o.a.j.g.u.JMeterMenuBar: setRunning(true, *local*)
2023-10-25 13:05:39,239 INFO o.a.j.e.StandardJMeterEngine: Starting ThreadGroup: 1 : Thread Group
2023-10-25 13:05:39,239 INFO o.a.j.e.StandardJMeterEngine: Starting 1 threads for group Thread Group.
2023-10-25 13:05:39,239 INFO o.a.j.e.StandardJMeterEngine: Thread will continue on error
2023-10-25 13:05:39,239 INFO o.a.j.t.ThreadGroup: Starting thread group... number=1 threads=1 ramp-up=1 delayedStart=false
2023-10-25 13:05:39,239 INFO o.a.j.t.ThreadGroup: Started thread group number 1
2023-10-25 13:05:39,239 INFO o.a.j.e.StandardJMeterEngine: All thread groups have been started
2023-10-25 13:05:39,239 INFO o.a.j.t.JMeterThread: Thread started: Thread Group 1-1
2023-10-25 13:05:39,239 INFO o.a.j.t.JMeterThread: Thread is done: Thread Group 1-1
2023-10-25 13:05:39,239 INFO o.a.j.t.JMeterThread: Thread finished: Thread Group 1-1
2023-10-25 13:05:39,239 INFO o.a.j.e.StandardJMeterEngine: Notifying test listeners of end of test
2023-10-25 13:05:39,239 INFO o.a.j.g.u.JMeterMenuBar: setRunning(false, *local*)
2023-10-25 13:05:44,470 INFO o.a.j.s.FileServer: Set new base='C:\Users\Dizk\AppData\Local\Temp'
2023-10-25 13:05:44,489 INFO o.a.j.e.StandardJMeterEngine: Running the test!
2023-10-25 13:05:44,490 INFO o.a.j.s.SampleEvent: List of sample_variables: []
2023-10-25 13:05:44,490 INFO o.a.j.g.u.JMeterMenuBar: setRunning(true, *local*)
2023-10-25 13:05:44,530 INFO o.a.j.e.StandardJMeterEngine: Starting ThreadGroup: 1 : Thread Group
2023-10-25 13:05:44,530 INFO o.a.j.e.StandardJMeterEngine: Starting 1 threads for group Thread Group.
2023-10-25 13:05:44,530 INFO o.a.j.e.StandardJMeterEngine: Thread will continue on error
2023-10-25 13:05:44,530 INFO o.a.j.t.ThreadGroup: Starting thread group... number=1 threads=1 ramp-up=1 delayedStart=false
2023-10-25 13:05:44,531 INFO o.a.j.t.ThreadGroup: Started thread group number 1
2023-10-25 13:05:44,531 INFO o.a.j.e.StandardJMeterEngine: All thread groups have been started
2023-10-25 13:05:44,531 INFO o.a.j.t.JMeterThread: Thread started: Thread Group 1-1
2023-10-25 13:05:44,531 INFO o.a.j.t.JMeterThread: Thread is done: Thread Group 1-1
2023-10-25 13:05:44,531 INFO o.a.j.t.JMeterThread: Thread finished: Thread Group 1-1
2023-10-25 13:05:44,532 INFO o.a.j.e.StandardJMeterEngine: Notifying test listeners of end of test
2023-10-25 13:05:44,532 INFO o.a.j.g.u.JMeterMenuBar: setRunning(false, *local*)
2023-10-25 13:05:47,127 INFO o.a.j.e.StandardJMeterEngine: Running the test!
2023-10-25 13:05:47,127 INFO o.a.j.s.SampleEvent: List of sample_variables: []
2023-10-25 13:05:47,127 INFO o.a.j.g.u.JMeterMenuBar: setRunning(true, *local*)
2023-10-25 13:05:47,158 INFO o.a.j.e.StandardJMeterEngine: Starting ThreadGroup: 1 : Thread Group
2023-10-25 13:05:47,158 INFO o.a.j.e.StandardJMeterEngine: Starting 1 threads for group Thread Group.
2023-10-25 13:05:47,158 INFO o.a.j.e.StandardJMeterEngine: Thread will continue on error
2023-10-25 13:05:47,158 INFO o.a.j.t.ThreadGroup: Starting thread group... number=1 threads=1 ramp-up=1 delayedStart=false
2023-10-25 13:05:47,158 INFO o.a.j.t.ThreadGroup: Started thread group number 1
2023-10-25 13:05:47,158 INFO o.a.j.e.StandardJMeterEngine: All thread groups have been started
2023-10-25 13:05:47,158 INFO o.a.j.t.JMeterThread: Thread started: Thread Group 1-1
2023-10-25 13:05:47,158 INFO o.a.j.t.JMeterThread: Thread is done: Thread Group 1-1
2023-10-25 13:05:47,158 INFO o.a.j.t.JMeterThread: Thread finished: Thread Group 1-1
2023-10-25 13:05:47,158 INFO o.a.j.e.StandardJMeterEngine: Notifying test listeners of end of test
2023-10-25 13:05:47,158 INFO o.a.j.g.u.JMeterMenuBar: setRunning(false, *local*)
